<?xml version="1.0" encoding="UTF-8"?>
<!-- Generated by org.testng.reporters.JUnitReportReporter -->
<testsuite skipped="0" hostname="COB1120481" name="com.blaze.testcases.TestCaseLogin" tests="1" failures="0" timestamp="2020-06-25T16:11:48 IST" time="14.865" errors="0">
  <testcase name="loginTest" time="14.865" classname="com.blaze.testcases.TestCaseLogin"/>
  <system-out/>
</testsuite> <!-- com.blaze.testcases.TestCaseLogin -->
